<?xml version="1.0" encoding="UTF-8"?>
<TestRun id="067e0c4e-3028-4abc-9de3-5fd7a4e0a354" name="acueto@ANELT 2016-05-08 18:32:26" runUser="ANELT\acueto" xmlns="http://microsoft.com/schemas/VisualStudio/TeamTest/2010">
  <TestSettings name="Local" id="377a336a-604e-405d-b6ba-9d28b37662a5">
    <Description>Esta es la configuración de pruebas predeterminada para una ejecución de pruebas local.</Description>
    <Deployment enabled="false" runDeploymentRoot="acueto_ANELT 2016-05-08 18_32_26">
      <DeploymentItem filename="C:\Acueto_JobLogger\JobLogger.Entities\bin\Debug\JobLogger.Entities.dll" />
      <DeploymentItem filename="C:\Acueto_JobLogger\JobLogger.BusinessLayer\bin\Debug\JobLogger.BusinessLayer.dll" />
    </Deployment>
    <Execution>
      <TestTypeSpecific />
      <AgentRule name="Execution Agents">
      </AgentRule>
    </Execution>
  </TestSettings>
  <Times creation="2016-05-08T18:32:26.7636267-03:00" queuing="2016-05-08T18:32:27.2806674-03:00" start="2016-05-08T18:32:27.3156620-03:00" finish="2016-05-08T18:32:27.8465703-03:00" />
  <ResultSummary outcome="Failed">
    <Counters total="1" executed="1" error="0" failed="1" timeout="0" aborted="0" inconclusive="0" passedButRunAborted="0" notRunnable="0" notExecuted="0" disconnected="0" warning="0" passed="0" completed="0" inProgress="0" pending="0" />
  </ResultSummary>
  <TestDefinitions>
    <UnitTest name="LogMessageToDataBase_Insert" storage="c:\acueto_joblogger\testprojectjoblogger\bin\debug\testprojectjoblogger.dll" id="40a8a25c-3a7c-64cf-5d8a-c4a270cedd28">
      <Execution id="5fe18372-b003-4ad9-b1f8-2119fb5285a0" />
      <TestMethod codeBase="C:/Acueto_JobLogger/TestProjectJobLogger/bin/Debug/TestProjectJobLogger.DLL" adapterTypeName="Microsoft.VisualStudio.TestTools.TestTypes.Unit.UnitTestAdapter, Microsoft.VisualStudio.QualityTools.Tips.UnitTest.Adapter, Version=10.0.0.0, Culture=neutral, PublicKeyToken=b03f5f7f11d50a3a" className="TestProjectJobLogger.JobLoggerTest, TestProjectJobLogger, Version=1.0.0.0, Culture=neutral, PublicKeyToken=null" name="LogMessageToDataBase_Insert" />
    </UnitTest>
  </TestDefinitions>
  <TestLists>
    <TestList name="Resultados que no están en la lista" id="8c84fa94-04c1-424b-9868-57a2d4851a1d" />
    <TestList name="Todos los resultados cargados" id="19431567-8539-422a-85d7-44ee4e166bda" />
  </TestLists>
  <TestEntries>
    <TestEntry testId="40a8a25c-3a7c-64cf-5d8a-c4a270cedd28" executionId="5fe18372-b003-4ad9-b1f8-2119fb5285a0" testListId="8c84fa94-04c1-424b-9868-57a2d4851a1d" />
  </TestEntries>
  <Results>
    <UnitTestResult executionId="5fe18372-b003-4ad9-b1f8-2119fb5285a0" testId="40a8a25c-3a7c-64cf-5d8a-c4a270cedd28" testName="LogMessageToDataBase_Insert" computerName="ANELT" duration="00:00:00.0492819" startTime="2016-05-08T18:32:27.3246670-03:00" endTime="2016-05-08T18:32:27.7590124-03:00" testType="13cdc9d9-ddb5-4fa4-a97d-d965ccfc6d4b" outcome="Failed" testListId="8c84fa94-04c1-424b-9868-57a2d4851a1d" relativeResultsDirectory="5fe18372-b003-4ad9-b1f8-2119fb5285a0">
      <Output>
        <ErrorInfo>
          <Message>El método de prueba TestProjectJobLogger.JobLoggerTest.LogMessageToDataBase_Insert produjo la excepción: 
System.Exception: Error: System.NullReferenceException: Referencia a objeto no establecida como instancia de un objeto.
   en JobLogger.DataAccess.DALogToDatabase.Connection() en C:\Acueto_JobLogger\JobLogger.DataAccess\DALogToDatabase.cs:línea 16
   en JobLogger.DataAccess.DALogToDatabase.LogMessage(EMessage Message) en C:\Acueto_JobLogger\JobLogger.DataAccess\DALogToDatabase.cs:línea 24</Message>
          <StackTrace>    en JobLogger.DataAccess.DALogToDatabase.LogMessage(EMessage Message) en C:\Acueto_JobLogger\JobLogger.DataAccess\DALogToDatabase.cs:línea 31
   en JobLogger.BusinessLayer.LogToDatabase.LogMessage(EMessage Message) en C:\Acueto_JobLogger\JobLogger.BusinessLayer\LogToDatabase.cs:línea 18
   en TestProjectJobLogger.JobLoggerTest.LogMessageToDataBase_Insert() en C:\Acueto_JobLogger\TestProjectJobLogger\JobLoggerTest.cs:línea 36
</StackTrace>
        </ErrorInfo>
      </Output>
    </UnitTestResult>
  </Results>
</TestRun>