<?xml version="1.0" encoding="UTF-8"?>
<TestRun id="8b7ad2a6-98da-4f6d-a355-b0c21c1a7314" name="acueto@ANELT 2016-05-08 18:32:56" runUser="ANELT\acueto" xmlns="http://microsoft.com/schemas/VisualStudio/TeamTest/2010">
  <TestSettings name="Local" id="377a336a-604e-405d-b6ba-9d28b37662a5">
    <Description>Esta es la configuración de pruebas predeterminada para una ejecución de pruebas local.</Description>
    <Deployment enabled="false" runDeploymentRoot="acueto_ANELT 2016-05-08 18_32_56">
      <DeploymentItem filename="C:\Acueto_JobLogger\JobLogger.Entities\bin\Debug\JobLogger.Entities.dll" />
      <DeploymentItem filename="C:\Acueto_JobLogger\JobLogger.BusinessLayer\bin\Debug\JobLogger.BusinessLayer.dll" />
    </Deployment>
    <Execution>
      <TestTypeSpecific />
      <AgentRule name="Execution Agents">
      </AgentRule>
    </Execution>
  </TestSettings>
  <Times creation="2016-05-08T18:32:56.0263153-03:00" queuing="2016-05-08T18:32:57.3435566-03:00" start="2016-05-08T18:32:57.4775285-03:00" finish="2016-05-08T18:33:50.8871893-03:00" />
  <ResultSummary outcome="Error">
    <Counters total="1" executed="1" error="0" failed="0" timeout="0" aborted="1" inconclusive="0" passedButRunAborted="0" notRunnable="0" notExecuted="0" disconnected="0" warning="0" passed="0" completed="0" inProgress="0" pending="0" />
    <RunInfos>
      <RunInfo computerName="ANELT" outcome="Error" timestamp="2016-05-08T18:33:50.8856884-03:00">
        <Text>El proceso del host de pruebas terminó inesperadamente.</Text>
      </RunInfo>
    </RunInfos>
  </ResultSummary>
  <TestDefinitions>
    <UnitTest name="LogMessageToDataBase_Insert" storage="c:\acueto_joblogger\testprojectjoblogger\bin\debug\testprojectjoblogger.dll" id="40a8a25c-3a7c-64cf-5d8a-c4a270cedd28">
      <Execution id="e41ced06-c59c-4cbf-816f-755dd649dd62" />
      <TestMethod codeBase="C:/Acueto_JobLogger/TestProjectJobLogger/bin/Debug/TestProjectJobLogger.DLL" adapterTypeName="Microsoft.VisualStudio.TestTools.TestTypes.Unit.UnitTestAdapter, Microsoft.VisualStudio.QualityTools.Tips.UnitTest.Adapter, Version=10.0.0.0, Culture=neutral, PublicKeyToken=b03f5f7f11d50a3a" className="TestProjectJobLogger.JobLoggerTest, TestProjectJobLogger, Version=1.0.0.0, Culture=neutral, PublicKeyToken=null" name="LogMessageToDataBase_Insert" />
    </UnitTest>
  </TestDefinitions>
  <TestLists>
    <TestList name="Resultados que no están en la lista" id="8c84fa94-04c1-424b-9868-57a2d4851a1d" />
    <TestList name="Todos los resultados cargados" id="19431567-8539-422a-85d7-44ee4e166bda" />
  </TestLists>
  <TestEntries>
    <TestEntry testId="40a8a25c-3a7c-64cf-5d8a-c4a270cedd28" executionId="e41ced06-c59c-4cbf-816f-755dd649dd62" testListId="8c84fa94-04c1-424b-9868-57a2d4851a1d" />
  </TestEntries>
  <Results>
    <UnitTestResult executionId="e41ced06-c59c-4cbf-816f-755dd649dd62" testId="40a8a25c-3a7c-64cf-5d8a-c4a270cedd28" testName="LogMessageToDataBase_Insert" computerName="ANELT" duration="00:00:53.2798369" startTime="2016-05-08T18:32:57.6073524-03:00" endTime="2016-05-08T18:33:50.8871893-03:00" testType="13cdc9d9-ddb5-4fa4-a97d-d965ccfc6d4b" outcome="Aborted" testListId="8c84fa94-04c1-424b-9868-57a2d4851a1d" relativeResultsDirectory="e41ced06-c59c-4cbf-816f-755dd649dd62">
    </UnitTestResult>
  </Results>
</TestRun>